<?xml version="1.0" encoding="UTF-8"?>
<testsuite xmlns:xsi="http://www.w3.org/2001/XMLSchema-instance" xsi:noNamespaceSchemaLocation="https://maven.apache.org/surefire/maven-surefire-plugin/xsd/surefire-test-report-3.0.xsd" version="3.0" name="test.HU04_EliminarProductoTest" time="0.011" tests="5" errors="0" skipped="0" failures="0">
  <properties>
[...]
</properties>
  <testcase name="testInformacionLimpia" classname="test.HU04_EliminarProductoTest" time="0.001"/>
  <testcase name="testEliminarProductoInexistente" classname="test.HU04_EliminarProductoTest" time="0"/>
  <testcase name="testConfirmacionEliminacion" classname="test.HU04_EliminarProductoTest" time="0.001"/>
  <testcase name="testIntegridadInventario" classname="test.HU04_EliminarProductoTest" time="0.002"/>
  <testcase name="testEliminarProductoExistente" classname="test.HU04_EliminarProductoTest" time="0.001"/>
</testsuite>